C51 COMPILER V7.50   MAIN                                                                  09/24/2012 19:44:06 PAGE 1   


C51 COMPILER V7.50, COMPILATION OF MODULE MAIN
OBJECT MODULE PLACED IN main.OBJ
COMPILER INVOKED BY: d:\Keil\C51\BIN\C51.EXE main.c BROWSE DEBUG OBJECTEXTEND

line level    source

   1          #include <reg51.h>
   2          
   3          sbit move_disable = P3^5;
   4          sbit dir_disable = P3^3;
   5          
   6          sbit is_forward = P3^4;         
   7          sbit is_right = P3^2;
   8          
   9          char ch;
  10          
  11          int main()
  12          {
  13   1              
  14   1              is_forward = 0;
  15   1              is_right = 0;
  16   1              move_disable = 1;
  17   1              dir_disable = 1;
  18   1      
  19   1              SCON = 0x50;
  20   1              TMOD |= 0x20;
  21   1              PCON |= 0x80;
  22   1              TL1 = 0xFD; //9600 = FD, 2400 = F4
  23   1              TH1 = 0xFD;
  24   1              IE |= 0x90;
  25   1              TR1 = 1;
  26   1              TI = 1;
  27   1                                /*
  28   1                                                      is_forward = 1;
  29   1                                              is_right = 1;
  30   1                                              move_disable = 0;
  31   1                                              dir_disable = 0;
  32   1                                              */
  33   1              
  34   1              while (1)
  35   1              {
  36   2              //   /*
  37   2                      if (RI)
  38   2                      {
  39   3                              RI=0;
  40   3                              ch = SBUF;
  41   3                              TI=1;
  42   3                              switch(ch)
  43   3                              {
  44   4                              /*
  45   4                                      case 0x01:
  46   4                                              is_forward = 0;
  47   4                                              is_right = 0;
  48   4                                              move_disable = 0;
  49   4                                              dir_disable = 0;
  50   4                                              TI=0;
  51   4                                              break;
  52   4                                      case 0x02:
  53   4                                              is_forward = 1;
  54   4                                              is_right = 1;
  55   4                                              move_disable = 0;
C51 COMPILER V7.50   MAIN                                                                  09/24/2012 19:44:06 PAGE 2   

  56   4                                              dir_disable = 0;
  57   4                                              TI=0;
  58   4                                              break;
  59   4                                      case 0x03:
  60   4                                              is_forward = 0;
  61   4                                              is_right = 0;
  62   4                                              move_disable = 1;
  63   4                                              dir_disable = 0;
  64   4                                              TI=0;
  65   4                                              break;
  66   4                                      case 0x04:
  67   4                                              is_forward = 0;
  68   4                                              is_right = 0;
  69   4                                              move_disable = 0;
  70   4                                              dir_disable = 1;
  71   4                                              TI=0;
  72   4                                              break;
  73   4                                      case 0x05:
  74   4                                              is_forward = 1;
  75   4                                              is_right = 0;
  76   4                                              move_disable = 0;
  77   4                                              dir_disable = 0;
  78   4                                              TI=0;
  79   4                                              break;
  80   4                                      case 0x06:
  81   4                                              is_forward = 0;
  82   4                                              is_right = 1;
  83   4                                              move_disable = 0;
  84   4                                              dir_disable = 0;
  85   4                                              TI=0;
  86   4                                              break;
  87   4                                      */
  88   4      
  89   4                      //forward
  90   4                                      case 0x01:
  91   4                                              move_disable = 0;
  92   4                          is_forward = 1;
  93   4                                              TI = 0;
  94   4                                              break;
  95   4                      //backward
  96   4                                      case 0x02:
  97   4                                              move_disable = 0;
  98   4                          is_forward = 0;
  99   4                                              TI = 0;
 100   4                                              break;
 101   4                      //left
 102   4                                      case 0x03:
 103   4                                              dir_disable = 0;
 104   4                          is_right = 0;
 105   4                                              TI = 0;
 106   4                                              break;
 107   4                      //right
 108   4                                      case 0x04:
 109   4                                              dir_disable = 0;
 110   4                          is_right = 1;
 111   4                                              TI = 0;
 112   4                                              break;
 113   4                      //disable direction
 114   4                                      case 0x05:
 115   4                                              dir_disable = 1;
 116   4                                              TI = 0;
 117   4                                              break;
C51 COMPILER V7.50   MAIN                                                                  09/24/2012 19:44:06 PAGE 3   

 118   4                      //stop & disable direction
 119   4                                      case 0x00:
 120   4                                              is_forward = 0;
 121   4                                              is_right = 0;
 122   4                                              move_disable = 1;
 123   4                                              dir_disable = 1;
 124   4                                              TI=0;
 125   4                                              break;
 126   4                                      default:
 127   4                                      /*
 128   4                                              is_forward = ~is_forward;
 129   4                                              is_right = ~is_right;
 130   4                                              TI = 0;
 131   4                                              */
 132   4                                              
 133   4                                              break;
 134   4                              }
 135   3                      }
 136   2              //      */
 137   2              }
 138   1      
 139   1              return 0;
 140   1      }


MODULE INFORMATION:   STATIC OVERLAYABLE
   CODE SIZE        =    107    ----
   CONSTANT SIZE    =   ----    ----
   XDATA SIZE       =   ----    ----
   PDATA SIZE       =   ----    ----
   DATA SIZE        =      1    ----
   IDATA SIZE       =   ----    ----
   BIT SIZE         =   ----    ----
END OF MODULE INFORMATION.


C51 COMPILATION COMPLETE.  0 WARNING(S),  0 ERROR(S)
