This file contains any messages produced by compilers while
running configure, to aid debugging if configure makes a mistake.

It was created by BTstack configure 0.1, which was
generated by GNU Autoconf 2.69.  Invocation command line was

  $ ./configure --target=iphone --with-sdk-version=5.1

## --------- ##
## Platform. ##
## --------- ##

hostname = HappyTreeBook.local
uname -m = x86_64
uname -r = 11.4.0
uname -s = Darwin
uname -v = Darwin Kernel Version 11.4.0: Mon Apr  9 19:32:15 PDT 2012; root:xnu-1699.26.8~1/RELEASE_X86_64

/usr/bin/uname -p = i386
/bin/uname -X     = unknown

/bin/arch              = unknown
/usr/bin/arch -k       = unknown
/usr/convex/getsysinfo = unknown
/usr/bin/hostinfo      = Mach kernel version:
	 Darwin Kernel Version 11.4.0: Mon Apr  9 19:32:15 PDT 2012; root:xnu-1699.26.8~1/RELEASE_X86_64
Kernel configured for up to 4 processors.
2 processors are physically available.
4 processors are logically available.
Processor type: i486 (Intel 80486)
Processors active: 0 1 2 3
Primary memory available: 6.00 gigabytes
Default processor set: 124 tasks, 644 threads, 4 processors
Load average: 0.99, Mach factor: 3.00
/bin/machine           = unknown
/usr/bin/oslevel       = unknown
/bin/universe          = unknown

PATH: /Users/stranbird/.rvm/gems/ruby-1.9.3-p125/bin
PATH: /Users/stranbird/.rvm/gems/ruby-1.9.3-p125@global/bin
PATH: /Users/stranbird/.rvm/rubies/ruby-1.9.3-p125/bin
PATH: /Users/stranbird/.rvm/bin
PATH: /usr/local/bin
PATH: /usr/local/sbin
PATH: /usr/bin
PATH: /bin
PATH: /usr/sbin
PATH: /Users/stranbird/.rvm/bin


## ----------- ##
## Core tests. ##
## ----------- ##

configure:1995: checking for a BSD-compatible install
configure:2063: result: /usr/bin/install -c
configure:2074: checking whether build environment is sane
configure:2129: result: yes
configure:2280: checking for a thread-safe mkdir -p
configure:2319: result: config/install-sh -c -d
configure:2326: checking for gawk
configure:2356: result: no
configure:2326: checking for mawk
configure:2356: result: no
configure:2326: checking for nawk
configure:2356: result: no
configure:2326: checking for awk
configure:2342: found /usr/bin/awk
configure:2353: result: awk
configure:2364: checking whether make sets $(MAKE)
configure:2386: result: yes
configure:2589: checking build system type
configure:2603: result: x86_64-apple-darwin11.4.0
configure:2623: checking host system type
configure:2636: result: x86_64-apple-darwin11.4.0
configure:2706: checking for gcc
configure:2722: found /usr/bin/gcc
configure:2733: result: gcc
configure:2962: checking for C compiler version
configure:2971: gcc --version >&5
i686-apple-darwin11-llvm-gcc-4.2 (GCC) 4.2.1 (Based on Apple Inc. build 5658) (LLVM build 2336.9.00)
Copyright (C) 2007 Free Software Foundation, Inc.
This is free software; see the source for copying conditions.  There is NO
warranty; not even for MERCHANTABILITY or FITNESS FOR A PARTICULAR PURPOSE.

configure:2982: $? = 0
configure:2971: gcc -v >&5
Using built-in specs.
Target: i686-apple-darwin11
Configured with: /private/var/tmp/llvmgcc42/llvmgcc42-2336.9~22/src/configure --disable-checking --enable-werror --prefix=/Applications/Xcode.app/Contents/Developer/usr/llvm-gcc-4.2 --mandir=/share/man --enable-languages=c,objc,c++,obj-c++ --program-prefix=llvm- --program-transform-name=/^[cg][^.-]*$/s/$/-4.2/ --with-slibdir=/usr/lib --build=i686-apple-darwin11 --enable-llvm=/private/var/tmp/llvmgcc42/llvmgcc42-2336.9~22/dst-llvmCore/Developer/usr/local --program-prefix=i686-apple-darwin11- --host=x86_64-apple-darwin11 --target=i686-apple-darwin11 --with-gxx-include-dir=/usr/include/c++/4.2.1
Thread model: posix
gcc version 4.2.1 (Based on Apple Inc. build 5658) (LLVM build 2336.9.00)
configure:2982: $? = 0
configure:2971: gcc -V >&5
llvm-gcc-4.2: argument to `-V' is missing
configure:2982: $? = 1
configure:2971: gcc -qversion >&5
i686-apple-darwin11-llvm-gcc-4.2: no input files
configure:2982: $? = 1
configure:3002: checking whether the C compiler works
configure:3024: gcc    conftest.c  >&5
configure:3028: $? = 0
configure:3076: result: yes
configure:3079: checking for C compiler default output file name
configure:3081: result: a.out
configure:3087: checking for suffix of executables
configure:3094: gcc -o conftest    conftest.c  >&5
configure:3098: $? = 0
configure:3120: result: 
configure:3142: checking whether we are cross compiling
configure:3150: gcc -o conftest    conftest.c  >&5
configure:3154: $? = 0
configure:3161: ./conftest
configure:3165: $? = 0
configure:3180: result: no
configure:3185: checking for suffix of object files
configure:3207: gcc -c   conftest.c >&5
configure:3211: $? = 0
configure:3232: result: o
configure:3236: checking whether we are using the GNU C compiler
configure:3255: gcc -c   conftest.c >&5
configure:3255: $? = 0
configure:3264: result: yes
configure:3273: checking whether gcc accepts -g
configure:3293: gcc -c -g  conftest.c >&5
configure:3293: $? = 0
configure:3334: result: yes
configure:3351: checking for gcc option to accept ISO C89
configure:3414: gcc  -c -g -O2  conftest.c >&5
configure:3414: $? = 0
configure:3427: result: none needed
configure:3458: checking for style of include used by make
configure:3486: result: GNU
configure:3512: checking dependency style of gcc
configure:3623: result: none
configure:3643: checking how to run the C preprocessor
configure:3674: gcc -E  conftest.c
configure:3674: $? = 0
configure:3688: gcc -E  conftest.c
conftest.c:11:28: error: ac_nonexistent.h: No such file or directory
configure:3688: $? = 1
configure: failed program was:
| /* confdefs.h */
| #define PACKAGE_NAME "BTstack"
| #define PACKAGE_TARNAME "btstack"
| #define PACKAGE_VERSION "0.1"
| #define PACKAGE_STRING "BTstack 0.1"
| #define PACKAGE_BUGREPORT ""
| #define PACKAGE_URL ""
| #define PACKAGE "BTstack"
| #define VERSION "0.1"
| /* end confdefs.h.  */
| #include <ac_nonexistent.h>
configure:3713: result: gcc -E
configure:3733: gcc -E  conftest.c
configure:3733: $? = 0
configure:3747: gcc -E  conftest.c
conftest.c:11:28: error: ac_nonexistent.h: No such file or directory
configure:3747: $? = 1
configure: failed program was:
| /* confdefs.h */
| #define PACKAGE_NAME "BTstack"
| #define PACKAGE_TARNAME "btstack"
| #define PACKAGE_VERSION "0.1"
| #define PACKAGE_STRING "BTstack 0.1"
| #define PACKAGE_BUGREPORT ""
| #define PACKAGE_URL ""
| #define PACKAGE "BTstack"
| #define VERSION "0.1"
| /* end confdefs.h.  */
| #include <ac_nonexistent.h>
configure:3829: checking for gcc
configure:3845: found /usr/bin/gcc
configure:3856: result: gcc
configure:3881: checking for Objective C compiler version
configure:3890: gcc --version >&5
i686-apple-darwin11-llvm-gcc-4.2 (GCC) 4.2.1 (Based on Apple Inc. build 5658) (LLVM build 2336.9.00)
Copyright (C) 2007 Free Software Foundation, Inc.
This is free software; see the source for copying conditions.  There is NO
warranty; not even for MERCHANTABILITY or FITNESS FOR A PARTICULAR PURPOSE.

configure:3901: $? = 0
configure:3890: gcc -v >&5
Using built-in specs.
Target: i686-apple-darwin11
Configured with: /private/var/tmp/llvmgcc42/llvmgcc42-2336.9~22/src/configure --disable-checking --enable-werror --prefix=/Applications/Xcode.app/Contents/Developer/usr/llvm-gcc-4.2 --mandir=/share/man --enable-languages=c,objc,c++,obj-c++ --program-prefix=llvm- --program-transform-name=/^[cg][^.-]*$/s/$/-4.2/ --with-slibdir=/usr/lib --build=i686-apple-darwin11 --enable-llvm=/private/var/tmp/llvmgcc42/llvmgcc42-2336.9~22/dst-llvmCore/Developer/usr/local --program-prefix=i686-apple-darwin11- --host=x86_64-apple-darwin11 --target=i686-apple-darwin11 --with-gxx-include-dir=/usr/include/c++/4.2.1
Thread model: posix
gcc version 4.2.1 (Based on Apple Inc. build 5658) (LLVM build 2336.9.00)
configure:3901: $? = 0
configure:3890: gcc -V >&5
llvm-gcc-4.2: argument to `-V' is missing
configure:3901: $? = 1
configure:3890: gcc -qversion >&5
i686-apple-darwin11-llvm-gcc-4.2: no input files
configure:3901: $? = 1
configure:3905: checking whether we are using the GNU Objective C compiler
configure:3924: gcc -c   conftest.m >&5
configure:3924: $? = 0
configure:3933: result: yes
configure:3942: checking whether gcc accepts -g
configure:3962: gcc -c -g  conftest.m >&5
configure:3962: $? = 0
configure:4003: result: yes
configure:4028: checking dependency style of gcc
configure:4137: result: none
configure:4153: checking whether ln -s works
configure:4157: result: yes
configure:4164: checking whether make sets $(MAKE)
configure:4186: result: yes
configure:4816: checking that generated files are newer than configure
configure:4822: result: done
configure:4869: creating ./config.status

## ---------------------- ##
## Running config.status. ##
## ---------------------- ##

This file was extended by BTstack config.status 0.1, which was
generated by GNU Autoconf 2.69.  Invocation command line was

  CONFIG_FILES    = 
  CONFIG_HEADERS  = 
  CONFIG_LINKS    = 
  CONFIG_COMMANDS = 
  $ ./config.status 

on HappyTreeBook.local

config.status:813: creating Makefile
config.status:813: creating src/Makefile
config.status:813: creating example/Makefile
config.status:813: creating PatchBlueTool/Makefile
config.status:813: creating SpringBoardAccess/Makefile
config.status:985: executing depfiles commands

## ---------------- ##
## Cache variables. ##
## ---------------- ##

ac_cv_build=x86_64-apple-darwin11.4.0
ac_cv_c_compiler_gnu=yes
ac_cv_env_CC_set=
ac_cv_env_CC_value=
ac_cv_env_CFLAGS_set=
ac_cv_env_CFLAGS_value=
ac_cv_env_CPPFLAGS_set=
ac_cv_env_CPPFLAGS_value=
ac_cv_env_CPP_set=
ac_cv_env_CPP_value=
ac_cv_env_LDFLAGS_set=
ac_cv_env_LDFLAGS_value=
ac_cv_env_LIBS_set=
ac_cv_env_LIBS_value=
ac_cv_env_LIBUSB_CFLAGS_set=
ac_cv_env_LIBUSB_CFLAGS_value=
ac_cv_env_LIBUSB_LIBS_set=
ac_cv_env_LIBUSB_LIBS_value=
ac_cv_env_OBJCFLAGS_set=
ac_cv_env_OBJCFLAGS_value=
ac_cv_env_OBJC_set=
ac_cv_env_OBJC_value=
ac_cv_env_PKG_CONFIG_set=
ac_cv_env_PKG_CONFIG_value=
ac_cv_env_build_alias_set=
ac_cv_env_build_alias_value=
ac_cv_env_host_alias_set=
ac_cv_env_host_alias_value=
ac_cv_env_target_alias_set=set
ac_cv_env_target_alias_value=iphone
ac_cv_host=x86_64-apple-darwin11.4.0
ac_cv_objc_compiler_gnu=yes
ac_cv_objext=o
ac_cv_path_install='/usr/bin/install -c'
ac_cv_prog_AWK=awk
ac_cv_prog_CPP='gcc -E'
ac_cv_prog_ac_ct_CC=gcc
ac_cv_prog_ac_ct_OBJC=gcc
ac_cv_prog_cc_c89=
ac_cv_prog_cc_g=yes
ac_cv_prog_make_make_set=yes
ac_cv_prog_objc_g=yes
am_cv_CC_dependencies_compiler_type=none
am_cv_OBJC_dependencies_compiler_type=none

## ----------------- ##
## Output variables. ##
## ----------------- ##

ACLOCAL='${SHELL} /Users/stranbird/dev/limo/btstack/config/missing --run aclocal-1.12'
AMDEPBACKSLASH='\'
AMDEP_FALSE='#'
AMDEP_TRUE=''
AMTAR='$${TAR-tar}'
AUTOCONF='${SHELL} /Users/stranbird/dev/limo/btstack/config/missing --run autoconf'
AUTOHEADER='${SHELL} /Users/stranbird/dev/limo/btstack/config/missing --run autoheader'
AUTOMAKE='${SHELL} /Users/stranbird/dev/limo/btstack/config/missing --run automake-1.12'
AWK='awk'
BTSTACK_LIB_EXTENSION='dylib'
BTSTACK_LIB_LDFLAGS='-dynamiclib -install_name $(prefix)/lib/libBTstack.dylib'
CC='/Applications/Xcode.app/Contents/Developer/Platforms/iPhoneOS.platform/Developer/usr/bin/arm-apple-darwin10-llvm-gcc-4.2'
CCDEPMODE='depmode=none'
CFLAGS='-g -O2 -g'
CPP='gcc -E'
CPPFLAGS=' -isysroot /Applications/Xcode.app/Contents/Developer/Platforms/iPhoneOS.platform/Developer/SDKs/iPhoneOS5.1.sdk -Werror -Wall -Wpointer-arith'
CYGPATH_W='echo'
DEFS='-DPACKAGE_NAME=\"BTstack\" -DPACKAGE_TARNAME=\"btstack\" -DPACKAGE_VERSION=\"0.1\" -DPACKAGE_STRING=\"BTstack\ 0.1\" -DPACKAGE_BUGREPORT=\"\" -DPACKAGE_URL=\"\" -DPACKAGE=\"BTstack\" -DVERSION=\"0.1\"'
DEPDIR='.deps'
ECHO_C='\c'
ECHO_N=''
ECHO_T=''
EXEEXT=''
HAVE_LIBUSB=''
HAVE_LIBUSB_FALSE=''
HAVE_LIBUSB_TRUE='#'
INSTALL_DATA='${INSTALL} -m 644'
INSTALL_PROGRAM='${INSTALL}'
INSTALL_SCRIPT='${INSTALL}'
INSTALL_STRIP_PROGRAM='$(install_sh) -c -s'
IPHONE_IP=''
LDFLAGS=' -framework CoreFoundation -framework Foundation -framework Foundation -framework CoreFoundation -lobjc -L/Applications/Xcode.app/Contents/Developer/Platforms/iPhoneOS.platform/Developer/SDKs/iPhoneOS5.1.sdk/System/Library/Frameworks/IOKit.framework/Versions/A -lIOKit /Applications/Xcode.app/Contents/Developer/Platforms/iPhoneOS.platform/Developer/SDKs/iPhoneOS5.1.sdk/System/Library/PrivateFrameworks/BluetoothManager.framework/BluetoothManager'
LIBOBJS=''
LIBS=''
LIBUSB_CFLAGS=''
LIBUSB_LIBS=''
LN_S='ln -s'
LTLIBOBJS=''
MAKEINFO='${SHELL} /Users/stranbird/dev/limo/btstack/config/missing --run makeinfo'
MKDIR_P='config/install-sh -c -d'
OBJC='/Applications/Xcode.app/Contents/Developer/Platforms/iPhoneOS.platform/Developer/usr/bin/arm-apple-darwin10-llvm-g++-4.2'
OBJCDEPMODE='depmode=none'
OBJCFLAGS='-g -O2'
OBJEXT='o'
PACKAGE='BTstack'
PACKAGE_BUGREPORT=''
PACKAGE_NAME='BTstack'
PACKAGE_STRING='BTstack 0.1'
PACKAGE_TARNAME='btstack'
PACKAGE_URL=''
PACKAGE_VERSION='0.1'
PATH_SEPARATOR=':'
PKG_CONFIG=''
PLATFORM_SOURCES='bt_control_iphone.m platform_iphone.m hci_transport_h4_iphone.c'
REMOTE_DEVICE_DB_SOURCES='remote_device_db_iphone.m'
RUN_LOOP_SOURCES='run_loop_posix.c run_loop_cocoa.m'
SET_MAKE=''
SHELL='/bin/sh'
SPRINGBOARD_ACCESS_SOURCES='../SpringBoardAccess/SpringBoardAccess.c'
STRIP=''
USB_SOURCES=''
USE_BLUETOOL_FALSE='#'
USE_BLUETOOL_TRUE=''
USE_LDID='#'
USE_POWERMANAGEMENT_FALSE='#'
USE_POWERMANAGEMENT_TRUE=''
USE_PREFSBUNDLE_FALSE=''
USE_PREFSBUNDLE_TRUE='#'
USE_SPRINGBOARD_FALSE='#'
USE_SPRINGBOARD_TRUE=''
VERSION='0.1'
ac_ct_CC='gcc'
ac_ct_OBJC='gcc'
am__EXEEXT_FALSE=''
am__EXEEXT_TRUE='#'
am__fastdepCC_FALSE=''
am__fastdepCC_TRUE='#'
am__fastdepOBJC_FALSE=''
am__fastdepOBJC_TRUE='#'
am__include='include'
am__isrc=''
am__leading_dot='.'
am__nodep='_no'
am__quote=''
am__tar='$${TAR-tar} chof - "$$tardir"'
am__untar='$${TAR-tar} xf -'
bindir='${exec_prefix}/bin'
build='x86_64-apple-darwin11.4.0'
build_alias=''
build_cpu='x86_64'
build_os='darwin11.4.0'
build_vendor='apple'
datadir='${datarootdir}'
datarootdir='${prefix}/share'
docdir='${datarootdir}/doc/${PACKAGE_TARNAME}'
dvidir='${docdir}'
exec_prefix='${prefix}'
host='x86_64-apple-darwin11.4.0'
host_alias=''
host_cpu='x86_64'
host_os='darwin11.4.0'
host_vendor='apple'
htmldir='${docdir}'
includedir='${prefix}/include'
infodir='${datarootdir}/info'
install_sh='${SHELL} /Users/stranbird/dev/limo/btstack/config/install-sh'
libdir='${exec_prefix}/lib'
libexecdir='${exec_prefix}/libexec'
localedir='${datarootdir}/locale'
localstatedir='${prefix}/var'
mandir='${datarootdir}/man'
oldincludedir='/usr/include'
pdfdir='${docdir}'
prefix='/usr/local'
program_transform_name='s,x,x,'
psdir='${docdir}'
sbindir='${exec_prefix}/sbin'
sharedstatedir='${prefix}/com'
sysconfdir='${prefix}/etc'
target_alias='iphone'

## ----------- ##
## confdefs.h. ##
## ----------- ##

/* confdefs.h */
#define PACKAGE_NAME "BTstack"
#define PACKAGE_TARNAME "btstack"
#define PACKAGE_VERSION "0.1"
#define PACKAGE_STRING "BTstack 0.1"
#define PACKAGE_BUGREPORT ""
#define PACKAGE_URL ""
#define PACKAGE "BTstack"
#define VERSION "0.1"

configure: exit 0
